# JRE version: OpenJDK Runtime Environment (8.0_242-b01) (build 1.8.0_242-release-1644-b01)
# Java VM: OpenJDK 64-Bit Server VM (25.242-b01 mixed mode windows-amd64 compressed oops)
Heap:
 PSYoungGen      total 37888K, used 3131K [0x00000000d5580000, 0x00000000d8400000, 0x0000000100000000)
  eden space 28160K, 1% used [0x00000000d5580000,0x00000000d560ca30,0x00000000d7100000)
  from space 9728K, 26% used [0x00000000d7a80000,0x00000000d7d02230,0x00000000d8400000)
  to   space 6656K, 0% used [0x00000000d7180000,0x00000000d7180000,0x00000000d7800000)
 ParOldGen       total 61440K, used 13982K [0x0000000080000000, 0x0000000083c00000, 0x00000000d5580000)
  object space 61440K, 22% used [0x0000000080000000,0x0000000080da7b08,0x0000000083c00000)
 Metaspace       used 35560K, capacity 36860K, committed 36952K, reserved 1081344K
  class space    used 4886K, capacity 5173K, committed 5248K, reserved 1048576K
GC Heap History (10 events):
Event: 15.245 GC heap before
{Heap before GC invocations=12 (full 1):
 PSYoungGen      total 38400K, used 35846K [0x00000000d5580000, 0x00000000d8580000, 0x0000000100000000)
  eden space 29696K, 100% used [0x00000000d5580000,0x00000000d7280000,0x00000000d7280000)
  from space 8704K, 70% used [0x00000000d7d00000,0x00000000d8301a48,0x00000000d8580000)
  to   space 9728K, 0% used [0x00000000d7280000,0x00000000d7280000,0x00000000d7c00000)
 ParOldGen       total 57856K, used 8465K [0x0000000080000000, 0x0000000083880000, 0x00000000d5580000)
  object space 57856K, 14% used [0x0000000080000000,0x0000000080844428,0x0000000083880000)
 Metaspace       used 32647K, capacity 33680K, committed 33920K, reserved 1079296K
  class space    used 4444K, capacity 4690K, committed 4736K, reserved 1048576K
Event: 15.250 GC heap after
Heap after GC invocations=12 (full 1):
 PSYoungGen      total 38912K, used 6978K [0x00000000d5580000, 0x00000000d8600000, 0x0000000100000000)
  eden space 29184K, 0% used [0x00000000d5580000,0x00000000d5580000,0x00000000d7200000)
  from space 9728K, 71% used [0x00000000d7280000,0x00000000d7950870,0x00000000d7c00000)
  to   space 10240K, 0% used [0x00000000d7c00000,0x00000000d7c00000,0x00000000d8600000)
 ParOldGen       total 57856K, used 9133K [0x0000000080000000, 0x0000000083880000, 0x00000000d5580000)
  object space 57856K, 15% used [0x0000000080000000,0x00000000808eb420,0x0000000083880000)
 Metaspace       used 32647K, capacity 33680K, committed 33920K, reserved 1079296K
  class space    used 4444K, capacity 4690K, committed 4736K, reserved 1048576K
}
Event: 17.404 GC heap before
{Heap before GC invocations=13 (full 1):
 PSYoungGen      total 38912K, used 36162K [0x00000000d5580000, 0x00000000d8600000, 0x0000000100000000)
  eden space 29184K, 100% used [0x00000000d5580000,0x00000000d7200000,0x00000000d7200000)
  from space 9728K, 71% used [0x00000000d7280000,0x00000000d7950870,0x00000000d7c00000)
  to   space 10240K, 0% used [0x00000000d7c00000,0x00000000d7c00000,0x00000000d8600000)
 ParOldGen       total 57856K, used 9133K [0x0000000080000000, 0x0000000083880000, 0x00000000d5580000)
  object space 57856K, 15% used [0x0000000080000000,0x00000000808eb420,0x0000000083880000)
 Metaspace       used 33790K, capacity 34952K, committed 35200K, reserved 1079296K
  class space    used 4627K, capacity 4897K, committed 4992K, reserved 1048576K
Event: 17.409 GC heap after
Heap after GC invocations=13 (full 1):
 PSYoungGen      total 38400K, used 6979K [0x00000000d5580000, 0x00000000d8580000, 0x0000000100000000)
  eden space 28672K, 0% used [0x00000000d5580000,0x00000000d5580000,0x00000000d7180000)
  from space 9728K, 71% used [0x00000000d7c00000,0x00000000d82d0d70,0x00000000d8580000)
  to   space 10240K, 0% used [0x00000000d7180000,0x00000000d7180000,0x00000000d7b80000)
 ParOldGen       total 57856K, used 9141K [0x0000000080000000, 0x0000000083880000, 0x00000000d5580000)
  object space 57856K, 15% used [0x0000000080000000,0x00000000808ed420,0x0000000083880000)
 Metaspace       used 33790K, capacity 34952K, committed 35200K, reserved 1079296K
  class space    used 4627K, capacity 4897K, committed 4992K, reserved 1048576K
}
Event: 18.432 GC heap before
{Heap before GC invocations=14 (full 1):
 PSYoungGen      total 38400K, used 16446K [0x00000000d5580000, 0x00000000d8580000, 0x0000000100000000)
  eden space 28672K, 33% used [0x00000000d5580000,0x00000000d5ebeae8,0x00000000d7180000)
  from space 9728K, 71% used [0x00000000d7c00000,0x00000000d82d0d70,0x00000000d8580000)
  to   space 10240K, 0% used [0x00000000d7180000,0x00000000d7180000,0x00000000d7b80000)
 ParOldGen       total 57856K, used 9141K [0x0000000080000000, 0x0000000083880000, 0x00000000d5580000)
  object space 57856K, 15% used [0x0000000080000000,0x00000000808ed420,0x0000000083880000)
 Metaspace       used 34204K, capacity 35392K, committed 35416K, reserved 1079296K
  class space    used 4705K, capacity 4973K, committed 4992K, reserved 1048576K
Event: 18.437 GC heap after
Heap after GC invocations=14 (full 1):
 PSYoungGen      total 34816K, used 6640K [0x00000000d5580000, 0x00000000d8400000, 0x0000000100000000)
  eden space 28160K, 0% used [0x00000000d5580000,0x00000000d5580000,0x00000000d7100000)
  from space 6656K, 99% used [0x00000000d7180000,0x00000000d77fc010,0x00000000d7800000)
  to   space 9728K, 0% used [0x00000000d7a80000,0x00000000d7a80000,0x00000000d8400000)
 ParOldGen       total 57856K, used 9149K [0x0000000080000000, 0x0000000083880000, 0x00000000d5580000)
  object space 57856K, 15% used [0x0000000080000000,0x00000000808ef420,0x0000000083880000)
 Metaspace       used 34204K, capacity 35392K, committed 35416K, reserved 1079296K
  class space    used 4705K, capacity 4973K, committed 4992K, reserved 1048576K
}
Event: 18.437 GC heap before
{Heap before GC invocations=15 (full 2):
 PSYoungGen      total 34816K, used 6640K [0x00000000d5580000, 0x00000000d8400000, 0x0000000100000000)
  eden space 28160K, 0% used [0x00000000d5580000,0x00000000d5580000,0x00000000d7100000)
  from space 6656K, 99% used [0x00000000d7180000,0x00000000d77fc010,0x00000000d7800000)
  to   space 9728K, 0% used [0x00000000d7a80000,0x00000000d7a80000,0x00000000d8400000)
 ParOldGen       total 57856K, used 9149K [0x0000000080000000, 0x0000000083880000, 0x00000000d5580000)
  object space 57856K, 15% used [0x0000000080000000,0x00000000808ef420,0x0000000083880000)
 Metaspace       used 34204K, capacity 35392K, committed 35416K, reserved 1079296K
  class space    used 4705K, capacity 4973K, committed 4992K, reserved 1048576K
Event: 18.485 GC heap after
Heap after GC invocations=15 (full 2):
 PSYoungGen      total 34816K, used 0K [0x00000000d5580000, 0x00000000d8400000, 0x0000000100000000)
  eden space 28160K, 0% used [0x00000000d5580000,0x00000000d5580000,0x00000000d7100000)
  from space 6656K, 0% used [0x00000000d7180000,0x00000000d7180000,0x00000000d7800000)
  to   space 9728K, 0% used [0x00000000d7a80000,0x00000000d7a80000,0x00000000d8400000)
 ParOldGen       total 61440K, used 13974K [0x0000000080000000, 0x0000000083c00000, 0x00000000d5580000)
  object space 61440K, 22% used [0x0000000080000000,0x0000000080da5b08,0x0000000083c00000)
 Metaspace       used 34204K, capacity 35392K, committed 35416K, reserved 1079296K
  class space    used 4705K, capacity 4973K, committed 4992K, reserved 1048576K
}
Event: 29.215 GC heap before
{Heap before GC invocations=16 (full 2):
 PSYoungGen      total 34816K, used 28160K [0x00000000d5580000, 0x00000000d8400000, 0x0000000100000000)
  eden space 28160K, 100% used [0x00000000d5580000,0x00000000d7100000,0x00000000d7100000)
  from space 6656K, 0% used [0x00000000d7180000,0x00000000d7180000,0x00000000d7800000)
  to   space 9728K, 0% used [0x00000000d7a80000,0x00000000d7a80000,0x00000000d8400000)
 ParOldGen       total 61440K, used 13974K [0x0000000080000000, 0x0000000083c00000, 0x00000000d5580000)
  object space 61440K, 22% used [0x0000000080000000,0x0000000080da5b08,0x0000000083c00000)
 Metaspace       used 35560K, capacity 36860K, committed 36952K, reserved 1081344K
  class space    used 4886K, capacity 5173K, committed 5248K, reserved 1048576K
Event: 29.370 GC heap after
Heap after GC invocations=16 (full 2):
 PSYoungGen      total 37888K, used 2568K [0x00000000d5580000, 0x00000000d8400000, 0x0000000100000000)
  eden space 28160K, 0% used [0x00000000d5580000,0x00000000d5580000,0x00000000d7100000)
  from space 9728K, 26% used [0x00000000d7a80000,0x00000000d7d02230,0x00000000d8400000)
  to   space 6656K, 0% used [0x00000000d7180000,0x00000000d7180000,0x00000000d7800000)
 ParOldGen       total 61440K, used 13982K [0x0000000080000000, 0x0000000083c00000, 0x00000000d5580000)
  object space 61440K, 22% used [0x0000000080000000,0x0000000080da7b08,0x0000000083c00000)
 Metaspace       used 35560K, capacity 36860K, committed 36952K, reserved 1081344K
  class space    used 4886K, capacity 5173K, committed 5248K, reserved 1048576K
}

